2015-07-14 10:22:07 trace :
------------
Array:
from : o9bISwouznhXsn_chH211PIupfVI ;
to : gh_ab1bcd7db5c4 ;
time : 1436840516 ;
type : event ;
event : subscribe ;
tousername : gh_ab1bcd7db5c4 ;
fromusername : o9bISwouznhXsn_chH211PIupfVI ;
createtime : 1436840516 ;
msgtype : event ;
eventkey :  ;

2015-07-14 10:22:07 params :
------------
Array:
message : Array ;
module : news ;
rule : 9 ;
priority : 0 ;
keyword : Array ;

2015-07-14 10:22:07 response :
------------
Array:
FromUserName : gh_ab1bcd7db5c4 ;
ToUserName : o9bISwouznhXsn_chH211PIupfVI ;
MsgType : news ;
ArticleCount : 1 ;
Articles : Array ;

2015-07-14 10:25:21 trace :
------------
Array:
from : o9bISwouznhXsn_chH211PIupfVI ;
to : gh_ab1bcd7db5c4 ;
time : 1436840710 ;
type : event ;
event : subscribe ;
tousername : gh_ab1bcd7db5c4 ;
fromusername : o9bISwouznhXsn_chH211PIupfVI ;
createtime : 1436840710 ;
msgtype : event ;
eventkey :  ;

2015-07-14 10:25:21 params :
------------
Array:
message : Array ;
module : basic ;
rule : 10 ;
priority : 0 ;
keyword : Array ;

2015-07-14 10:25:21 response :
------------
Array:
FromUserName : gh_ab1bcd7db5c4 ;
ToUserName : o9bISwouznhXsn_chH211PIupfVI ;
MsgType : text ;
Content : 文字1文字1文字1文字1文字1文字1文字1文字1文字1文字1文字1文字1文字1文字1文字1文字1文字1 ;

2015-07-14 12:53:52 trace :
------------
Array:
from : o9bISwgrsPImS7tTXeMcI6Rl66g0 ;
to : gh_ab1bcd7db5c4 ;
time : 1436849621 ;
type : event ;
event : subscribe ;
tousername : gh_ab1bcd7db5c4 ;
fromusername : o9bISwgrsPImS7tTXeMcI6Rl66g0 ;
createtime : 1436849621 ;
msgtype : event ;
eventkey :  ;

2015-07-14 12:53:52 params :
------------
Array:
message : Array ;
module : basic ;
rule : 10 ;
priority : 0 ;
keyword : Array ;

2015-07-14 12:53:52 response :
------------
Array:
FromUserName : gh_ab1bcd7db5c4 ;
ToUserName : o9bISwgrsPImS7tTXeMcI6Rl66g0 ;
MsgType : text ;
Content : 文字1文字1文字1文字1文字1文字1文字1文字1文字1文字1文字1文字1文字1文字1文字1文字1文字1 ;

2015-07-14 13:33:55 trace :
------------
Array:
from : o9bISwowwadrMILYF97doyMhr_J8 ;
to : gh_ab1bcd7db5c4 ;
time : 1436852024 ;
type : event ;
event : subscribe ;
tousername : gh_ab1bcd7db5c4 ;
fromusername : o9bISwowwadrMILYF97doyMhr_J8 ;
createtime : 1436852024 ;
msgtype : event ;
eventkey :  ;

2015-07-14 13:33:55 params :
------------
Array:
message : Array ;
module : basic ;
rule : 10 ;
priority : 0 ;
keyword : Array ;

2015-07-14 13:33:55 response :
------------
Array:
FromUserName : gh_ab1bcd7db5c4 ;
ToUserName : o9bISwowwadrMILYF97doyMhr_J8 ;
MsgType : text ;
Content : 文字1文字1文字1文字1文字1文字1文字1文字1文字1文字1文字1文字1文字1文字1文字1文字1文字1 ;

2015-07-14 15:46:50 trace :
------------
Array:
from : o9bISwouznhXsn_chH211PIupfVI ;
to : gh_ab1bcd7db5c4 ;
time : 1436859998 ;
type : event ;
event : subscribe ;
tousername : gh_ab1bcd7db5c4 ;
fromusername : o9bISwouznhXsn_chH211PIupfVI ;
createtime : 1436859998 ;
msgtype : event ;
eventkey :  ;

2015-07-14 15:46:50 params :
------------
Array:
message : Array ;
module : basic ;
rule : 10 ;
priority : 0 ;
keyword : Array ;

2015-07-14 15:46:50 response :
------------
Array:
FromUserName : gh_ab1bcd7db5c4 ;
ToUserName : o9bISwouznhXsn_chH211PIupfVI ;
MsgType : text ;
Content : 文字1文字1文字1文字1文字1文字1文字1文字1文字1文字1文字1文字1文字1文字1文字1文字1文字1 ;

2015-07-14 15:46:54 trace :
------------
Array:
from : o9bISwouznhXsn_chH211PIupfVI ;
to : gh_ab1bcd7db5c4 ;
time : 1436860003 ;
type : event ;
event : CLICK ;
tousername : gh_ab1bcd7db5c4 ;
fromusername : o9bISwouznhXsn_chH211PIupfVI ;
createtime : 1436860003 ;
msgtype : event ;
eventkey : 文章 ;

2015-07-14 15:46:54 params :
------------
Array:
message : Array ;
module : news ;
rule : 9 ;
priority : 0 ;
keyword : Array ;

2015-07-14 15:46:54 response :
------------
Array:
FromUserName : gh_ab1bcd7db5c4 ;
ToUserName : o9bISwouznhXsn_chH211PIupfVI ;
MsgType : news ;
ArticleCount : 1 ;
Articles : Array ;

2015-07-14 15:47:07 trace :
------------
Array:
from : o9bISwouznhXsn_chH211PIupfVI ;
to : gh_ab1bcd7db5c4 ;
time : 1436860016 ;
type : event ;
event : CLICK ;
tousername : gh_ab1bcd7db5c4 ;
fromusername : o9bISwouznhXsn_chH211PIupfVI ;
createtime : 1436860016 ;
msgtype : event ;
eventkey : 文章 ;

2015-07-14 15:47:07 params :
------------
Array:
message : Array ;
module : news ;
rule : 9 ;
priority : 0 ;
keyword : Array ;

2015-07-14 15:47:07 response :
------------
Array:
FromUserName : gh_ab1bcd7db5c4 ;
ToUserName : o9bISwouznhXsn_chH211PIupfVI ;
MsgType : news ;
ArticleCount : 1 ;
Articles : Array ;

2015-07-14 15:48:05 trace :
------------
Array:
from : o9bISwouznhXsn_chH211PIupfVI ;
to : gh_ab1bcd7db5c4 ;
time : 1436860074 ;
type : event ;
event : subscribe ;
tousername : gh_ab1bcd7db5c4 ;
fromusername : o9bISwouznhXsn_chH211PIupfVI ;
createtime : 1436860074 ;
msgtype : event ;
eventkey :  ;

2015-07-14 15:48:05 params :
------------
Array:
message : Array ;
module : news ;
rule : 9 ;
priority : 0 ;
keyword : Array ;

2015-07-14 15:48:05 response :
------------
Array:
FromUserName : gh_ab1bcd7db5c4 ;
ToUserName : o9bISwouznhXsn_chH211PIupfVI ;
MsgType : news ;
ArticleCount : 1 ;
Articles : Array ;

2015-07-14 17:56:25 trace :
------------
Array:
from : o9bISwgrsPImS7tTXeMcI6Rl66g0 ;
to : gh_ab1bcd7db5c4 ;
time : 1436867774 ;
type : event ;
event : CLICK ;
tousername : gh_ab1bcd7db5c4 ;
fromusername : o9bISwgrsPImS7tTXeMcI6Rl66g0 ;
createtime : 1436867774 ;
msgtype : event ;
eventkey : 文章 ;

2015-07-14 17:56:25 params :
------------
Array:
message : Array ;
module : news ;
rule : 9 ;
priority : 0 ;
keyword : Array ;

2015-07-14 17:56:25 response :
------------
Array:
FromUserName : gh_ab1bcd7db5c4 ;
ToUserName : o9bISwgrsPImS7tTXeMcI6Rl66g0 ;
MsgType : news ;
ArticleCount : 1 ;
Articles : Array ;

2015-07-14 17:56:28 trace :
------------
Array:
from : o9bISwgrsPImS7tTXeMcI6Rl66g0 ;
to : gh_ab1bcd7db5c4 ;
time : 1436867777 ;
type : event ;
event : CLICK ;
tousername : gh_ab1bcd7db5c4 ;
fromusername : o9bISwgrsPImS7tTXeMcI6Rl66g0 ;
createtime : 1436867777 ;
msgtype : event ;
eventkey : 文章 ;

2015-07-14 17:56:28 params :
------------
Array:
message : Array ;
module : news ;
rule : 9 ;
priority : 0 ;
keyword : Array ;

2015-07-14 17:56:28 response :
------------
Array:
FromUserName : gh_ab1bcd7db5c4 ;
ToUserName : o9bISwgrsPImS7tTXeMcI6Rl66g0 ;
MsgType : news ;
ArticleCount : 1 ;
Articles : Array ;

2015-07-14 17:56:31 trace :
------------
Array:
from : o9bISwgrsPImS7tTXeMcI6Rl66g0 ;
to : gh_ab1bcd7db5c4 ;
time : 1436867779 ;
type : event ;
event : CLICK ;
tousername : gh_ab1bcd7db5c4 ;
fromusername : o9bISwgrsPImS7tTXeMcI6Rl66g0 ;
createtime : 1436867779 ;
msgtype : event ;
eventkey : 文字1 ;

2015-07-14 17:56:31 params :
------------
Array:
message : Array ;
module : basic ;
rule : 10 ;
priority : 0 ;
keyword : Array ;

2015-07-14 17:56:31 response :
------------
Array:
FromUserName : gh_ab1bcd7db5c4 ;
ToUserName : o9bISwgrsPImS7tTXeMcI6Rl66g0 ;
MsgType : text ;
Content : 文字1文字1文字1文字1文字1文字1文字1文字1文字1文字1文字1文字1文字1文字1文字1文字1文字1 ;

2015-07-14 17:56:34 trace :
------------
Array:
from : o9bISwgrsPImS7tTXeMcI6Rl66g0 ;
to : gh_ab1bcd7db5c4 ;
time : 1436867783 ;
type : event ;
event : CLICK ;
tousername : gh_ab1bcd7db5c4 ;
fromusername : o9bISwgrsPImS7tTXeMcI6Rl66g0 ;
createtime : 1436867783 ;
msgtype : event ;
eventkey : 文字1 ;

2015-07-14 17:56:34 params :
------------
Array:
message : Array ;
module : basic ;
rule : 10 ;
priority : 0 ;
keyword : Array ;

2015-07-14 17:56:34 response :
------------
Array:
FromUserName : gh_ab1bcd7db5c4 ;
ToUserName : o9bISwgrsPImS7tTXeMcI6Rl66g0 ;
MsgType : text ;
Content : 文字1文字1文字1文字1文字1文字1文字1文字1文字1文字1文字1文字1文字1文字1文字1文字1文字1 ;

2015-07-14 17:56:44 trace :
------------
Array:
from : o9bISwgrsPImS7tTXeMcI6Rl66g0 ;
to : gh_ab1bcd7db5c4 ;
time : 1436867792 ;
type : event ;
event : CLICK ;
tousername : gh_ab1bcd7db5c4 ;
fromusername : o9bISwgrsPImS7tTXeMcI6Rl66g0 ;
createtime : 1436867792 ;
msgtype : event ;
eventkey : 文章 ;

2015-07-14 17:56:44 params :
------------
Array:
message : Array ;
module : news ;
rule : 9 ;
priority : 0 ;
keyword : Array ;

2015-07-14 17:56:44 response :
------------
Array:
FromUserName : gh_ab1bcd7db5c4 ;
ToUserName : o9bISwgrsPImS7tTXeMcI6Rl66g0 ;
MsgType : news ;
ArticleCount : 1 ;
Articles : Array ;

2015-07-14 17:56:46 trace :
------------
Array:
from : o9bISwgrsPImS7tTXeMcI6Rl66g0 ;
to : gh_ab1bcd7db5c4 ;
time : 1436867795 ;
type : event ;
event : CLICK ;
tousername : gh_ab1bcd7db5c4 ;
fromusername : o9bISwgrsPImS7tTXeMcI6Rl66g0 ;
createtime : 1436867795 ;
msgtype : event ;
eventkey : 文章 ;

2015-07-14 17:56:46 params :
------------
Array:
message : Array ;
module : news ;
rule : 9 ;
priority : 0 ;
keyword : Array ;

2015-07-14 17:56:46 response :
------------
Array:
FromUserName : gh_ab1bcd7db5c4 ;
ToUserName : o9bISwgrsPImS7tTXeMcI6Rl66g0 ;
MsgType : news ;
ArticleCount : 1 ;
Articles : Array ;

2015-07-14 17:56:48 trace :
------------
Array:
from : o9bISwgrsPImS7tTXeMcI6Rl66g0 ;
to : gh_ab1bcd7db5c4 ;
time : 1436867797 ;
type : event ;
event : CLICK ;
tousername : gh_ab1bcd7db5c4 ;
fromusername : o9bISwgrsPImS7tTXeMcI6Rl66g0 ;
createtime : 1436867797 ;
msgtype : event ;
eventkey : 文章 ;

2015-07-14 17:56:48 params :
------------
Array:
message : Array ;
module : news ;
rule : 9 ;
priority : 0 ;
keyword : Array ;

2015-07-14 17:56:48 response :
------------
Array:
FromUserName : gh_ab1bcd7db5c4 ;
ToUserName : o9bISwgrsPImS7tTXeMcI6Rl66g0 ;
MsgType : news ;
ArticleCount : 1 ;
Articles : Array ;

2015-07-14 17:56:50 trace :
------------
Array:
from : o9bISwgrsPImS7tTXeMcI6Rl66g0 ;
to : gh_ab1bcd7db5c4 ;
time : 1436867798 ;
type : event ;
event : CLICK ;
tousername : gh_ab1bcd7db5c4 ;
fromusername : o9bISwgrsPImS7tTXeMcI6Rl66g0 ;
createtime : 1436867798 ;
msgtype : event ;
eventkey : 文章 ;

2015-07-14 17:56:50 params :
------------
Array:
message : Array ;
module : news ;
rule : 9 ;
priority : 0 ;
keyword : Array ;

2015-07-14 17:56:50 response :
------------
Array:
FromUserName : gh_ab1bcd7db5c4 ;
ToUserName : o9bISwgrsPImS7tTXeMcI6Rl66g0 ;
MsgType : news ;
ArticleCount : 1 ;
Articles : Array ;

